TN:
SF:src/search-list.ts
FN:3,__name
FN:7,<static_initializer>
FN:8,scan
FNDA:3,__name
FNDA:3,<static_initializer>
FNDA:44,scan
FNF:3
FNH:3
BRDA:1,0,0,3
BRDA:3,1,0,3
BRDA:7,2,0,3
BRDA:8,3,0,39
BRDA:8,4,0,44
BRF:5
BRH:5
DA:1,3
DA:2,3
DA:3,3
DA:4,3
DA:5,3
DA:6,3
DA:7,3
DA:8,3
DA:9,3
DA:10,3
DA:11,3
DA:12,3
DA:13,3
DA:14,3
DA:15,3
LH:15
LF:15
end_of_record
SF:src/searches/regex-search.ts
FN:1,__name
FN:3,<static_initializer>
FN:3,<instance_members_initializer>
FN:6,RegexSearch
FN:15,scan
FN:21,onTimeout
FNDA:3,__name
FNDA:3,<static_initializer>
FNDA:9,<instance_members_initializer>
FNDA:9,RegexSearch
FNDA:22,scan
FNDA:1,onTimeout
FNF:6
FNH:6
BRDA:1,0,0,3
BRDA:1,1,0,3
BRDA:3,2,0,3
BRDA:3,3,0,9
BRDA:6,4,0,9
BRDA:12,5,0,1
BRDA:15,6,0,22
BRDA:16,7,0,10
BRDA:18,8,0,0
BRDA:21,9,0,1
BRDA:26,10,0,0
BRF:11
BRH:9
DA:1,3
DA:2,3
DA:3,3
DA:4,9
DA:5,9
DA:6,3
DA:7,9
DA:8,9
DA:9,9
DA:10,9
DA:11,9
DA:12,9
DA:13,1
DA:14,1
DA:15,3
DA:16,22
DA:17,10
DA:18,10
DA:19,0
DA:20,0
DA:21,3
DA:22,1
DA:23,1
DA:24,1
DA:25,1
DA:26,1
DA:27,1
DA:28,1
DA:29,3
DA:30,3
DA:31,3
DA:32,3
DA:33,3
DA:34,3
DA:35,3
DA:36,3
DA:37,3
DA:38,3
DA:39,3
DA:40,3
DA:41,3
DA:42,3
DA:43,3
DA:44,3
DA:45,3
DA:46,3
DA:47,3
DA:48,3
DA:49,3
DA:50,3
DA:51,3
DA:52,3
DA:53,3
DA:54,3
DA:55,3
DA:56,3
DA:57,3
DA:58,3
DA:59,3
DA:60,3
DA:61,3
DA:62,3
DA:63,3
LH:61
LF:63
end_of_record
SF:src/searches/string-search.ts
FN:1,__name
FN:3,<static_initializer>
FN:3,<instance_members_initializer>
FN:6,StringSearch
FN:9,scan
FN:11,onTimeout
FNDA:3,__name
FNDA:3,<static_initializer>
FNDA:9,<instance_members_initializer>
FNDA:9,StringSearch
FNDA:22,scan
FNDA:1,onTimeout
FNF:6
FNH:6
BRDA:1,0,0,3
BRDA:1,1,0,3
BRDA:3,2,0,3
BRDA:3,3,0,9
BRDA:6,4,0,9
BRDA:8,5,0,1
BRDA:9,6,0,22
BRDA:9,7,0,10
BRDA:11,8,0,1
BRDA:15,9,0,0
BRF:10
BRH:9
DA:1,3
DA:2,3
DA:3,3
DA:4,9
DA:5,9
DA:6,3
DA:7,9
DA:8,9
DA:9,3
DA:10,10
DA:11,3
DA:12,1
DA:13,1
DA:14,1
DA:15,1
DA:16,3
DA:17,3
DA:18,3
DA:19,3
DA:20,3
DA:21,3
DA:22,3
DA:23,3
DA:24,3
DA:25,3
DA:26,3
DA:27,3
DA:28,3
DA:29,3
DA:30,3
DA:31,3
DA:32,3
DA:33,3
DA:34,3
DA:35,3
DA:36,3
DA:37,3
DA:38,3
DA:39,3
DA:40,3
DA:41,3
DA:42,3
DA:43,3
DA:44,3
DA:45,3
DA:46,3
DA:47,3
DA:48,3
DA:49,3
DA:50,3
DA:51,3
DA:52,3
DA:53,3
DA:54,3
DA:55,3
DA:56,3
DA:57,3
DA:58,3
DA:59,3
DA:60,3
DA:61,3
DA:62,3
DA:63,3
DA:64,3
LH:64
LF:64
end_of_record
SF:src/text-accumulator.ts
FN:2,__name
FN:5,<static_initializer>
FN:6,toString
FNDA:4,__name
FNDA:4,<static_initializer>
FNDA:50,toString
FNF:3
FNH:3
BRDA:1,0,0,4
BRDA:2,1,0,4
BRDA:5,2,0,4
BRDA:6,3,0,50
BRF:4
BRH:4
DA:1,4
DA:2,4
DA:3,4
DA:4,4
DA:5,4
DA:6,4
DA:7,4
DA:8,4
DA:9,4
DA:10,4
LH:10
LF:10
end_of_record
SF:src/text-stream-search.ts
FN:2,__name
FN:8,<static_initializer>
FN:10,<instance_members_initializer>
FN:10,TextStreamSearch
FN:13,fullText
FN:15,waitForRegex
FN:21,waitForText
FN:26,onStreamData
FN:17,anonymous_8
FN:22,anonymous_9
FNDA:3,__name
FNDA:3,<static_initializer>
FNDA:15,<instance_members_initializer>
FNDA:15,TextStreamSearch
FNDA:2,fullText
FNDA:9,waitForRegex
FNDA:9,waitForText
FNDA:21,onStreamData
FNDA:9,anonymous_8
FNDA:9,anonymous_9
FNF:10
FNH:10
BRDA:1,0,0,3
BRDA:2,1,0,3
BRDA:8,2,0,3
BRDA:10,3,0,15
BRDA:10,4,0,15
BRDA:13,5,0,2
BRDA:15,6,0,9
BRDA:21,7,0,9
BRDA:26,8,0,21
BRDA:17,9,0,9
BRDA:22,10,0,9
BRF:11
BRH:11
DA:1,3
DA:2,3
DA:3,3
DA:4,3
DA:5,3
DA:6,3
DA:7,3
DA:8,3
DA:9,3
DA:10,3
DA:11,15
DA:12,15
DA:13,3
DA:14,2
DA:15,3
DA:16,9
DA:17,9
DA:18,9
DA:19,9
DA:20,9
DA:21,3
DA:22,9
DA:23,9
DA:24,9
DA:25,9
DA:26,3
DA:27,21
DA:28,3
DA:29,3
DA:30,3
DA:31,3
DA:32,3
DA:33,3
DA:34,3
DA:35,3
DA:36,3
DA:37,3
DA:38,3
DA:39,3
DA:40,3
DA:41,3
DA:42,3
DA:43,3
DA:44,3
DA:45,3
DA:46,3
DA:47,3
DA:48,3
DA:49,3
DA:50,3
DA:51,3
DA:52,3
DA:53,3
DA:54,3
DA:55,3
DA:56,3
DA:57,3
DA:58,3
DA:59,3
DA:60,3
LH:60
LF:60
end_of_record
